<?xml version="1.0" encoding="UTF-8"?>
<!-- Generated by org.testng.reporters.JUnitReportReporter -->
<testsuite skipped="0" hostname="pradeep" name="com.rest.api.update.UpdateContest" tests="1" failures="0" timestamp="02 Jan 2019 10:10:03 GMT" time="3.031" errors="0">
  <testcase name="updateContest" time="3.031" classname="com.rest.api.update.UpdateContest"/>
</testsuite> <!-- com.rest.api.update.UpdateContest -->
