<?xml version="1.0" encoding="UTF-8"?>
<!-- Generated by org.testng.reporters.JUnitReportReporter -->
<testsuite skipped="0" hostname="jgb-pc" name="com.rest.api.goldRush.CreateGRContest" tests="1" failures="0" timestamp="2019-11-15T15:35:58 IST" time="2.239" errors="0">
  <testcase name="createContest" time="2.239" classname="com.rest.api.goldRush.CreateGRContest"/>
</testsuite> <!-- com.rest.api.goldRush.CreateGRContest -->
