<?xml version="1.0" encoding="UTF-8"?>
<!-- Generated by org.testng.reporters.JUnitReportReporter -->
<testsuite skipped="0" hostname="pradeep" name="com.rest.api.justkhel.CreateTemplate" tests="1" failures="0" timestamp="10 Jan 2019 09:09:40 GMT" time="6.626" errors="0">
  <testcase name="createTemplate" time="6.626" classname="com.rest.api.justkhel.CreateTemplate"/>
</testsuite> <!-- com.rest.api.justkhel.CreateTemplate -->
