<?xml version="1.0" encoding="UTF-8"?>
<!-- Generated by org.testng.reporters.JUnitReportReporter -->
<testsuite skipped="0" hostname="pradeep" name="com.rest.api.getcontest.GetContest" tests="1" failures="0" timestamp="28 Dec 2018 10:55:32 GMT" time="5.084" errors="0">
  <testcase name="getContest" time="5.084" classname="com.rest.api.getcontest.GetContest"/>
</testsuite> <!-- com.rest.api.getcontest.GetContest -->
