<?xml version="1.0" encoding="UTF-8"?>
<!-- Generated by org.testng.reporters.JUnitReportReporter -->
<testsuite skipped="0" hostname="pradeep" name="com.rest.api.automationsample.CreateNewContest" tests="1" failures="0" timestamp="28 Dec 2018 07:49:57 GMT" time="10.394" errors="0">
  <testcase name="createContest" time="10.394" classname="com.rest.api.automationsample.CreateNewContest"/>
</testsuite> <!-- com.rest.api.automationsample.CreateNewContest -->
