<?xml version="1.0" encoding="UTF-8"?>
<!-- Generated by org.testng.reporters.JUnitReportReporter -->
<testsuite skipped="0" hostname="pradeep" name="com.rest.api.delete.DeleteContest" tests="1" failures="0" timestamp="28 Dec 2018 06:46:01 GMT" time="4.813" errors="0">
  <testcase name="deleteContest" time="4.813" classname="com.rest.api.delete.DeleteContest"/>
</testsuite> <!-- com.rest.api.delete.DeleteContest -->
