<?xml version="1.0" encoding="UTF-8"?>
<!-- Generated by org.testng.reporters.JUnitReportReporter -->
<testsuite skipped="0" hostname="pradeep" name="com.rest.api.getcontest.GetContest" tests="1" failures="0" timestamp="02 Jan 2019 10:01:06 GMT" time="4.943" errors="0">
  <testcase name="getContest" time="4.943" classname="com.rest.api.getcontest.GetContest"/>
</testsuite> <!-- com.rest.api.getcontest.GetContest -->
