<?xml version="1.0" encoding="UTF-8"?>
<!-- Generated by org.testng.reporters.JUnitReportReporter -->
<testsuite skipped="0" hostname="pradeep" name="com.rest.api.delete.DeleteContest" tests="1" failures="0" timestamp="02 Jan 2019 09:45:47 GMT" time="3.415" errors="0">
  <testcase name="deleteContest" time="3.415" classname="com.rest.api.delete.DeleteContest"/>
</testsuite> <!-- com.rest.api.delete.DeleteContest -->
