<?xml version="1.0" encoding="UTF-8"?>
<!-- Generated by org.testng.reporters.JUnitReportReporter -->
<testsuite skipped="0" hostname="pradeep" name="com.rest.api.update.UpdateContest" tests="1" failures="0" timestamp="28 Dec 2018 10:55:00 GMT" time="3.860" errors="0">
  <testcase name="deleteContest" time="3.860" classname="com.rest.api.update.UpdateContest"/>
</testsuite> <!-- com.rest.api.update.UpdateContest -->
