<?xml version="1.0" encoding="UTF-8"?>
<!-- Generated by org.testng.reporters.JUnitReportReporter -->
<testsuite hostname="pradeep" name="com.rest.api.getcontest.GetContest" tests="1" failures="0" timestamp="9 Apr 2019 12:55:01 GMT" time="4.299" errors="0">
  <testcase name="getContest" time="4.299" classname="com.rest.api.getcontest.GetContest"/>
</testsuite> <!-- com.rest.api.getcontest.GetContest -->
