<?xml version="1.0" encoding="UTF-8"?>
<!-- Generated by org.testng.reporters.JUnitReportReporter -->
<testsuite skipped="0" hostname="pradeep" name="com.rest.api.automationsample.CreateNewContest" tests="1" failures="0" timestamp="02 Jan 2019 10:08:23 GMT" time="3.323" errors="0">
  <testcase name="createContest" time="3.323" classname="com.rest.api.automationsample.CreateNewContest"/>
</testsuite> <!-- com.rest.api.automationsample.CreateNewContest -->
