<?xml version="1.0" encoding="UTF-8"?>
<!-- Generated by org.testng.reporters.JUnitReportReporter -->
<testsuite skipped="0" hostname="pradeep" name="com.rest.api.justkhel.CreateContest" tests="1" failures="0" timestamp="10 Jan 2019 09:30:29 GMT" time="20.971" errors="0">
  <testcase name="createContest" time="20.971" classname="com.rest.api.justkhel.CreateContest"/>
</testsuite> <!-- com.rest.api.justkhel.CreateContest -->
